============================= test session starts ==============================
platform linux -- Python 3.12.3, pytest-9.0.3, pluggy-1.6.0 -- /home/jason/projects/swingcue-postest/.venv/bin/python3.12
cachedir: .pytest_cache
rootdir: /home/jason/projects/swingcue-postest
plugins: hydra-core-1.3.2
collecting ... collected 26 items

src/tests/test_judgment.py::TestT1NormalSwing::test_r1_not_triggered PASSED [  3%]
src/tests/test_judgment.py::TestT1NormalSwing::test_r2_not_triggered PASSED [  7%]
src/tests/test_judgment.py::TestT1NormalSwing::test_root_cause_none PASSED [ 11%]
src/tests/test_judgment.py::TestT1NormalSwing::test_output_positive_feedback PASSED [ 15%]
src/tests/test_judgment.py::TestT2TypicalEarlyExtension::test_r1_triggered PASSED [ 19%]
src/tests/test_judgment.py::TestT2TypicalEarlyExtension::test_r2_triggered PASSED [ 23%]
src/tests/test_judgment.py::TestT2TypicalEarlyExtension::test_r2_onset_before_r1 PASSED [ 26%]
src/tests/test_judgment.py::TestT2TypicalEarlyExtension::test_early_extension_likely PASSED [ 30%]
src/tests/test_judgment.py::TestT2TypicalEarlyExtension::test_posture_loss_marked_as_result_not_root PASSED [ 34%]
src/tests/test_judgment.py::TestT2TypicalEarlyExtension::test_output_contains_ee_message PASSED [ 38%]
src/tests/test_judgment.py::TestT3PurePostureLoss::test_r1_triggered PASSED [ 42%]
src/tests/test_judgment.py::TestT3PurePostureLoss::test_r2_not_triggered PASSED [ 46%]
src/tests/test_judgment.py::TestT3PurePostureLoss::test_root_cause_is_loss_of_posture_not_ee PASSED [ 50%]
src/tests/test_judgment.py::TestT3PurePostureLoss::test_output_no_ee_mention PASSED [ 53%]
src/tests/test_judgment.py::TestT4TimingReversed::test_both_rules_triggered PASSED [ 57%]
src/tests/test_judgment.py::TestT4TimingReversed::test_r1_onset_before_r2 PASSED [ 61%]
src/tests/test_judgment.py::TestT4TimingReversed::test_not_early_extension PASSED [ 65%]
src/tests/test_judgment.py::TestT4TimingReversed::test_independent_faults_reported PASSED [ 69%]
src/tests/test_judgment.py::TestT5NoiseFrames::test_sentinel_flags_noise_frames PASSED [ 73%]
src/tests/test_judgment.py::TestT5NoiseFrames::test_sentinel_does_not_flag_normal_frames PASSED [ 76%]
src/tests/test_judgment.py::TestT5NoiseFrames::test_r1_not_triggered_after_sentinel PASSED [ 80%]
src/tests/test_judgment.py::TestT6LowConfidence::test_r1_skipped_low_confidence PASSED [ 84%]
src/tests/test_judgment.py::TestT6LowConfidence::test_r2_skipped_low_confidence PASSED [ 88%]
src/tests/test_judgment.py::TestT7BoundaryThreshold::test_r1_triggered_at_boundary PASSED [ 92%]
src/tests/test_judgment.py::TestT7BoundaryThreshold::test_severity_is_mild_at_boundary PASSED [ 96%]
src/tests/test_judgment.py::TestT7BoundaryThreshold::test_certainty_cap_at_likely PASSED [100%]

============================== 26 passed in 0.12s ==============================
